<?xml version="1.0" encoding="UTF-8"?>
<testng-results total="3" passed="3" failed="0" skipped="0">
  <reporter-output>
  </reporter-output>
  <suite started-at="2019-10-08T11:46:16Z" name="BDD Test Suite" finished-at="2019-10-08T11:46:17Z" duration-ms="973">
    <groups>
      <group name="cucumber">
        <method signature="TestRunner.feature(cucumber.api.testng.CucumberFeatureWrapper)[pri:0, instance:TestRunner@5fcd892a]" name="feature" class="TestRunner"/>
      </group> <!-- cucumber -->
    </groups>
    <test started-at="2019-10-08T11:46:16Z" name="propertyrete Test" finished-at="2019-10-08T11:46:17Z" duration-ms="973">
      <class name="TestRunner">
        <test-method is-config="true" signature="setUpClass()[pri:0, instance:TestRunner@5fcd892a]" started-at="2019-10-08T12:46:16Z" name="setUpClass" finished-at="2019-10-08T12:46:17Z" duration-ms="526" status="PASS">
          <reporter-output>
          </reporter-output>
        </test-method> <!-- setUpClass -->
        <test-method signature="feature(cucumber.api.testng.CucumberFeatureWrapper)[pri:0, instance:TestRunner@5fcd892a]" started-at="2019-10-08T12:46:17Z" name="feature" description="Runs Cucumber Feature" data-provider="features" finished-at="2019-10-08T12:46:17Z" duration-ms="111" status="PASS">
          <params>
            <param index="0">
              <value>
                <![CDATA[For sale]]>
              </value>
            </param>
          </params>
          <reporter-output>
          </reporter-output>
        </test-method> <!-- feature -->
        <test-method signature="feature(cucumber.api.testng.CucumberFeatureWrapper)[pri:0, instance:TestRunner@5fcd892a]" started-at="2019-10-08T12:46:17Z" name="feature" description="Runs Cucumber Feature" data-provider="features" finished-at="2019-10-08T12:46:17Z" duration-ms="24" status="PASS">
          <params>
            <param index="0">
              <value>
                <![CDATA[login]]>
              </value>
            </param>
          </params>
          <reporter-output>
          </reporter-output>
        </test-method> <!-- feature -->
        <test-method signature="feature(cucumber.api.testng.CucumberFeatureWrapper)[pri:0, instance:TestRunner@5fcd892a]" started-at="2019-10-08T12:46:17Z" name="feature" description="Runs Cucumber Feature" data-provider="features" finished-at="2019-10-08T12:46:17Z" duration-ms="69" status="PASS">
          <params>
            <param index="0">
              <value>
                <![CDATA[Registration]]>
              </value>
            </param>
          </params>
          <reporter-output>
          </reporter-output>
        </test-method> <!-- feature -->
        <test-method is-config="true" signature="tearDownClass()[pri:0, instance:TestRunner@5fcd892a]" started-at="2019-10-08T12:46:17Z" name="tearDownClass" finished-at="2019-10-08T12:46:17Z" duration-ms="64" status="PASS">
          <reporter-output>
          </reporter-output>
        </test-method> <!-- tearDownClass -->
      </class> <!-- TestRunner -->
    </test> <!-- propertyrete Test -->
  </suite> <!-- BDD Test Suite -->
</testng-results>
